#
# There is insufficient memory for the Java Runtime Environment to continue.
# Native memory allocation (malloc) failed to allocate 32744 bytes for ChunkPool::allocate
# Possible reasons:
#   The system is out of physical RAM or swap space
#   In 32 bit mode, the process size limit was hit
# Possible solutions:
#   Reduce memory load on the system
#   Increase physical memory or swap space
#   Check if swap backing store is full
#   Use 64 bit Java on a 64 bit OS
#   Decrease Java heap size (-Xmx/-Xms)
#   Decrease number of Java threads
#   Decrease Java thread stack sizes (-Xss)
#   Set larger code cache with -XX:ReservedCodeCacheSize=
# This output file may be truncated or incomplete.
#
#  Out of Memory Error (allocation.cpp:273), pid=139876, tid=0x0000000000021664
#
# JRE version: Java(TM) SE Runtime Environment (8.0_121-b13) (build 1.8.0_121-b13)
# Java VM: Java HotSpot(TM) 64-Bit Server VM (25.121-b13 mixed mode windows-amd64 compressed oops)
# Failed to write core dump. Minidumps are not enabled by default on client versions of Windows
#

---------------  T H R E A D  ---------------

Current thread (0x00000000150f5000):  JavaThread "C1 CompilerThread2" daemon [_thread_in_native, id=136804, stack(0x00000000168f0000,0x00000000169f0000)]

Stack: [0x00000000168f0000,0x00000000169f0000]
[error occurred during error reporting (printing stack bounds), id 0xc0000005]

Native frames: (J=compiled Java code, j=interpreted, Vv=VM code, C=native code)


Current CompileTask:
C1:    639  433   !   3       com.android.dx.cf.code.BytecodeArray::parseInstruction (2764 bytes)


---------------  P R O C E S S  ---------------

Java Threads: ( => current thread )
  0x0000000016b5c000 JavaThread "pool-1-thread-4" [_thread_blocked, id=140632, stack(0x00000000173f0000,0x00000000174f0000)]
  0x0000000016b5b800 JavaThread "pool-1-thread-3" [_thread_in_Java, id=140728, stack(0x00000000172f0000,0x00000000173f0000)]
  0x0000000016b57000 JavaThread "pool-1-thread-2" [_thread_blocked, id=139408, stack(0x00000000171f0000,0x00000000172f0000)]
  0x0000000016b54000 JavaThread "pool-2-thread-1" [_thread_blocked, id=128472, stack(0x00000000170f0000,0x00000000171f0000)]
  0x0000000016b2e000 JavaThread "pool-1-thread-1" [_thread_in_Java, id=119104, stack(0x0000000016ff0000,0x00000000170f0000)]
  0x0000000016a10800 JavaThread "Service Thread" daemon [_thread_blocked, id=141268, stack(0x0000000016df0000,0x0000000016ef0000)]
=>0x00000000150f5000 JavaThread "C1 CompilerThread2" daemon [_thread_in_native, id=136804, stack(0x00000000168f0000,0x00000000169f0000)]
  0x00000000150a4000 JavaThread "C2 CompilerThread1" daemon [_thread_in_native, id=124560, stack(0x00000000167f0000,0x00000000168f0000)]
  0x00000000150a2000 JavaThread "C2 CompilerThread0" daemon [_thread_blocked, id=138912, stack(0x00000000166f0000,0x00000000167f0000)]
  0x00000000150a0000 JavaThread "Attach Listener" daemon [_thread_blocked, id=132340, stack(0x00000000165f0000,0x00000000166f0000)]
  0x000000001509d000 JavaThread "Signal Dispatcher" daemon [_thread_blocked, id=140800, stack(0x00000000164f0000,0x00000000165f0000)]
  0x000000001508a800 JavaThread "Finalizer" daemon [_thread_blocked, id=138844, stack(0x0000000016300000,0x0000000016400000)]
  0x00000000029c1000 JavaThread "Reference Handler" daemon [_thread_blocked, id=138252, stack(0x0000000016200000,0x0000000016300000)]
  0x0000000000a0e000 JavaThread "main" [_thread_in_Java, id=140628, stack(0x0000000002730000,0x0000000002830000)]

Other Threads:
  0x0000000015068000 VMThread [stack: 0x0000000016100000,0x0000000016200000] [id=141136]
  0x0000000016a15800 WatcherThread [stack: 0x0000000016ef0000,0x0000000016ff0000] [id=137864]

VM state:not at safepoint (normal execution)

VM Mutex/Monitor currently owned by a thread: None

Heap:
 PSYoungGen      total 57344K, used 12780K [0x00000000eab00000, 0x00000000eeb00000, 0x0000000100000000)
  eden space 49152K, 26% used [0x00000000eab00000,0x00000000eb77b290,0x00000000edb00000)
  from space 8192K, 0% used [0x00000000ee300000,0x00000000ee300000,0x00000000eeb00000)
  to   space 8192K, 0% used [0x00000000edb00000,0x00000000edb00000,0x00000000ee300000)
 ParOldGen       total 131072K, used 0K [0x00000000c0000000, 0x00000000c8000000, 0x00000000eab00000)
  object space 131072K, 0% used [0x00000000c0000000,0x00000000c0000000,0x00000000c8000000)
 Metaspace       used 5524K, capacity 6488K, committed 6656K, reserved 1056768K
  class space    used 612K, capacity 656K, committed 768K, reserved 1048576K

Card table byte_map: [0x0000000011d90000,0x0000000011fa0000] byte_map_base: 0x0000000011790000

Marking Bits: (ParMarkBitMap*) 0x000000005b8cb6d0
 Begin Bits: [0x0000000012500000, 0x0000000013500000)
 End Bits:   [0x0000000013500000, 0x0000000014500000)

Polling page: 0x0000000000aa0000

CodeCache: size=245760Kb used=1905Kb max_used=1916Kb free=243854Kb
 bounds [0x00000000029d0000, 0x0000000002c40000, 0x00000000119d0000]
 total_blobs=704 nmethods=435 adapters=182
 compilation: enabled

Compilation events (10 events):
Event: 0.631 Thread 0x00000000150f5000  436       3       com.android.dx.util.Bits::makeBitSet (11 bytes)
Event: 0.631 Thread 0x00000000150f5000 nmethod 436 0x0000000002ba2950 code [0x0000000002ba2aa0, 0x0000000002ba2c50]
Event: 0.631 Thread 0x00000000150f5000  429       3       com.android.dx.dex.code.DalvInsn::<init> (67 bytes)
Event: 0.631 Thread 0x00000000150a2000 nmethod 437 0x0000000002ba2590 code [0x0000000002ba26e0, 0x0000000002ba27f8]
Event: 0.632 Thread 0x00000000150f5000 nmethod 429 0x0000000002ba6ed0 code [0x0000000002ba7080, 0x0000000002ba7548]
Event: 0.632 Thread 0x00000000150f5000  439       3       com.android.dx.rop.cst.CstString::compareTo0 (15 bytes)
Event: 0.632 Thread 0x00000000150f5000 nmethod 439 0x0000000002baee50 code [0x0000000002baefc0, 0x0000000002baf2c8]
Event: 0.632 Thread 0x00000000150f5000  435       1       com.android.dx.ssa.Dominators::access$100 (5 bytes)
Event: 0.632 Thread 0x00000000150f5000 nmethod 435 0x0000000002ba2290 code [0x0000000002ba23e0, 0x0000000002ba24d0]
Event: 0.632 Thread 0x00000000150f5000  433   !   3       com.android.dx.cf.code.BytecodeArray::parseInstruction (2764 bytes)

GC Heap History (0 events):
No events

Deoptimization events (0 events):
No events

Internal exceptions (2 events):
Event: 0.080 Thread 0x0000000000a0e000 Exception <a 'java/lang/NoSuchMethodError': Method sun.misc.Unsafe.defineClass(Ljava/lang/String;[BII)Ljava/lang/Class; name or signature does not match> (0x00000000eab07ca8) thrown at [C:\re\workspace\8-2-build-windows-amd64-cygwin\jdk8u121\8372\hotspot\
Event: 0.081 Thread 0x0000000000a0e000 Exception <a 'java/lang/NoSuchMethodError': Method sun.misc.Unsafe.prefetchRead(Ljava/lang/Object;J)V name or signature does not match> (0x00000000eab07f90) thrown at [C:\re\workspace\8-2-build-windows-amd64-cygwin\jdk8u121\8372\hotspot\src\share\vm\prims

Events (10 events):
Event: 0.623 loading class com/android/dx/ssa/PhiInsn$Operand
Event: 0.623 loading class com/android/dx/ssa/PhiInsn$Operand done
Event: 0.626 loading class com/android/dx/ssa/back/FirstFitLocalCombiningAllocator$Multiset
Event: 0.626 loading class com/android/dx/ssa/back/FirstFitLocalCombiningAllocator$Multiset done
Event: 0.630 loading class com/android/dx/cf/code/Ropper$ExceptionHandlerSetup
Event: 0.631 loading class com/android/dx/cf/code/Ropper$ExceptionHandlerSetup done
Event: 0.632 loading class java/util/HashMap$Values
Event: 0.632 loading class java/util/HashMap$Values done
Event: 0.632 loading class java/util/HashMap$ValueIterator
Event: 0.632 loading class java/util/HashMap$ValueIterator done


Dynamic libraries:
0x00007ff6ca450000 - 0x00007ff6ca487000 	C:\Program Files\Java\jdk1.8.0_121\bin\java.exe
0x00007ffe50df0000 - 0x00007ffe50fcb000 	C:\WINDOWS\SYSTEM32\ntdll.dll
0x00007ffe50840000 - 0x00007ffe508ee000 	C:\WINDOWS\System32\KERNEL32.DLL
0x00007ffe4e100000 - 0x00007ffe4e349000 	C:\WINDOWS\System32\KERNELBASE.dll
0x00007ffe508f0000 - 0x00007ffe50991000 	C:\WINDOWS\System32\ADVAPI32.dll
0x00007ffe50730000 - 0x00007ffe507cd000 	C:\WINDOWS\System32\msvcrt.dll
0x00007ffe507e0000 - 0x00007ffe50839000 	C:\WINDOWS\System32\sechost.dll
0x00007ffe4fd30000 - 0x00007ffe4fe55000 	C:\WINDOWS\System32\RPCRT4.dll
0x00007ffe509a0000 - 0x00007ffe50aea000 	C:\WINDOWS\System32\USER32.dll
0x00007ffe4d580000 - 0x00007ffe4d59e000 	C:\WINDOWS\System32\win32u.dll
0x00007ffe501f0000 - 0x00007ffe50217000 	C:\WINDOWS\System32\GDI32.dll
0x00007ffe4df00000 - 0x00007ffe4e087000 	C:\WINDOWS\System32\gdi32full.dll
0x00007ffe4d310000 - 0x00007ffe4d3aa000 	C:\WINDOWS\System32\msvcp_win.dll
0x00007ffe4d600000 - 0x00007ffe4d6f6000 	C:\WINDOWS\System32\ucrtbase.dll
0x00007ffe3f990000 - 0x00007ffe3fbf7000 	C:\WINDOWS\WinSxS\amd64_microsoft.windows.common-controls_6595b64144ccf1df_6.0.15063.483_none_26002d27e7c744a2\COMCTL32.dll
0x00007ffe50af0000 - 0x00007ffe50de9000 	C:\WINDOWS\System32\combase.dll
0x00007ffe4e090000 - 0x00007ffe4e0fa000 	C:\WINDOWS\System32\bcryptPrimitives.dll
0x00007ffe4fb90000 - 0x00007ffe4fbbd000 	C:\WINDOWS\System32\IMM32.DLL
0x000000005c430000 - 0x000000005c502000 	C:\Program Files\Java\jdk1.8.0_121\jre\bin\msvcr100.dll
0x000000005b0b0000 - 0x000000005b94b000 	C:\Program Files\Java\jdk1.8.0_121\jre\bin\server\jvm.dll
0x00007ffe507d0000 - 0x00007ffe507d8000 	C:\WINDOWS\System32\PSAPI.DLL
0x00007ffe3c750000 - 0x00007ffe3c759000 	C:\WINDOWS\SYSTEM32\WSOCK32.dll
0x00007ffe48d40000 - 0x00007ffe48d63000 	C:\WINDOWS\SYSTEM32\WINMM.dll
0x00007ffe43270000 - 0x00007ffe4327a000 	C:\WINDOWS\SYSTEM32\VERSION.dll
0x00007ffe506c0000 - 0x00007ffe5072c000 	C:\WINDOWS\System32\WS2_32.dll
0x00007ffe48d10000 - 0x00007ffe48d3b000 	C:\WINDOWS\SYSTEM32\winmmbase.dll
0x00007ffe4de00000 - 0x00007ffe4de49000 	C:\WINDOWS\System32\cfgmgr32.dll
0x000000005c420000 - 0x000000005c42f000 	C:\Program Files\Java\jdk1.8.0_121\jre\bin\verify.dll
0x000000005c3f0000 - 0x000000005c419000 	C:\Program Files\Java\jdk1.8.0_121\jre\bin\java.dll
0x000000005c3d0000 - 0x000000005c3e6000 	C:\Program Files\Java\jdk1.8.0_121\jre\bin\zip.dll
0x00007ffe4e630000 - 0x00007ffe4fa67000 	C:\WINDOWS\System32\SHELL32.dll
0x00007ffe4e350000 - 0x00007ffe4e3fa000 	C:\WINDOWS\System32\shcore.dll
0x00007ffe4d700000 - 0x00007ffe4ddf1000 	C:\WINDOWS\System32\windows.storage.dll
0x00007ffe50660000 - 0x00007ffe506b1000 	C:\WINDOWS\System32\shlwapi.dll
0x00007ffe4d2f0000 - 0x00007ffe4d301000 	C:\WINDOWS\System32\kernel.appcore.dll
0x00007ffe4d2a0000 - 0x00007ffe4d2ec000 	C:\WINDOWS\System32\powrprof.dll
0x00007ffe4d260000 - 0x00007ffe4d275000 	C:\WINDOWS\System32\profapi.dll

VM Arguments:
jvm_args: -Djava.awt.headless=true -Xmx1024M -Dfile.encoding=windows-1252 -Duser.country=US -Duser.language=en -Duser.variant 
java_command: com.android.dx.command.Main --dex --num-threads=4 --output F:\yearfour\laptrinhdidong\codedemo\mapview\android\app\build\intermediates\pre-dexed\debug\com.facebook.soloader-soloader-0.1.0_7e2b80a2b88ecb3a1c03fbf2c9bc8c7bfa8b0720.jar F:\yearfour\laptrinhdidong\codedemo\mapview\android\app\build\intermediates\exploded-aar\com.facebook.soloader\soloader\0.1.0\jars\classes.jar
java_class_path (initial): C:\Users\doquo\AppData\Local\Android\sdk\build-tools\23.0.1\lib\dx.jar
Launcher Type: SUN_STANDARD

Environment Variables:
JAVA_HOME=C:\Program Files\Java\jdk1.8.0_121
CLASSPATH=F:\yearfour\laptrinhdidong\codedemo\mapview\android\\gradle\wrapper\gradle-wrapper.jar
PATH=C:\ProgramData\Oracle\Java\javapath;C:\Windows\system32;C:\Windows;C:\Windows\System32\Wbem;C:\Windows\System32\WindowsPowerShell\v1.0\;C:\Program Files\Microsoft SQL Server\110\Tools\Binn\;C:\Program Files (x86)\NVIDIA Corporation\PhysX\Common;C:\Program Files (x86)\GtkSharp\2.12\bin;C:\Program Files\MySQL\MySQL Utilities 1.6\;C:\Program Files\Git\cmd;C:\Program Files\Microsoft SQL Server\130\Tools\Binn\;C:\Program Files\TortoiseSVN\bin;C:\WINDOWS\system32;C:\WINDOWS;C:\WINDOWS\System32\Wbem;C:\WINDOWS\System32\WindowsPowerShell\v1.0\;C:\Program Files\Microsoft SQL Server\120\Tools\Binn\;C:\Program Files\nodejs\;C:\Users\doquo\AppData\Local\Android\sdk\platform-tools;C:\Users\doquo\AppData\Local\Microsoft\WindowsApps;C:\Program Files (x86)\OpenVPN\bin;C:\Users\doquo\AppData\Roaming\npm;C:\Program Files\Microsoft VS Code\bin
USERNAME=doquo
OS=Windows_NT
PROCESSOR_IDENTIFIER=Intel64 Family 6 Model 69 Stepping 1, GenuineIntel



---------------  S Y S T E M  ---------------

OS: Windows 10.0 , 64 bit Build 15063 (10.0.15063.296)

CPU:total 4 (2 cores per cpu, 2 threads per core) family 6 model 69 stepping 1, cmov, cx8, fxsr, mmx, sse, sse2, sse3, ssse3, sse4.1, sse4.2, popcnt, avx, avx2, aes, clmul, erms, lzcnt, ht, tsc, tscinvbit, bmi1, bmi2

Memory: 4k page, physical 12479052k(3444912k free), swap 13503052k(4104k free)

vm_info: Java HotSpot(TM) 64-Bit Server VM (25.121-b13) for windows-amd64 JRE (1.8.0_121-b13), built on Dec 12 2016 18:21:36 by "java_re" with MS VC++ 10.0 (VS2010)

time: Sat Dec 09 17:41:32 2017
elapsed time: 0 seconds (0d 0h 0m 0s)

